TN:
SF:/home/sirazhudin_ubuntu/projects_s21/CPP3_BrickGame_v2.0.ID_1396153-1/src/brick_game/snake/init_field_back.cc
FN:2,11,init_field_back(int (&) [][10], point&)
FNDA:4,init_field_back(int (&) [][10], point&)
FNF:1
FNH:1
DA:2,4
DA:3,84
DA:4,880
DA:5,800
DA:8,20
DA:9,4
DA:10,4
DA:11,4
LF:8
LH:8
end_of_record
TN:
SF:/home/sirazhudin_ubuntu/projects_s21/CPP3_BrickGame_v2.0.ID_1396153-1/src/brick_game/snake/init_head_and_tail.cc
FN:3,15,init_head_and_tail(point&, point&, std::__cxx11::list<point, std::allocator<point> >&)
FNDA:4,init_head_and_tail(point&, point&, std::__cxx11::list<point, std::allocator<point> >&)
FNF:1
FNH:1
DA:3,4
DA:4,4
DA:5,4
DA:8,4
DA:9,20
DA:10,16
DA:11,16
DA:13,4
DA:14,4
DA:15,4
LF:10
LH:10
end_of_record
TN:
SF:/home/sirazhudin_ubuntu/projects_s21/CPP3_BrickGame_v2.0.ID_1396153-1/src/brick_game/snake/set_apple_in_field_back.cc
FN:3,5,set_apple_in_field_back(int (&) [][10], point const&)
FNDA:4,set_apple_in_field_back(int (&) [][10], point const&)
FNF:1
FNH:1
DA:3,4
DA:4,4
DA:5,4
LF:3
LH:3
end_of_record
TN:
SF:/home/sirazhudin_ubuntu/projects_s21/CPP3_BrickGame_v2.0.ID_1396153-1/src/brick_game/snake/set_apple_rand.cc
FN:19,23,set_apple_rand(int (&) [][10], point&)
FN:3,17,get_next(point&)
FNDA:4,set_apple_rand(int (&) [][10], point&)
FNDA:0,get_next(point&)
FNF:2
FNH:1
DA:3,0
DA:4,0
DA:5,0
DA:6,0
DA:8,0
DA:9,0
DA:10,0
DA:12,0
DA:13,0
DA:16,0
DA:19,4
DA:20,4
DA:21,4
DA:22,4
DA:23,4
LF:15
LH:5
end_of_record
TN:
SF:/home/sirazhudin_ubuntu/projects_s21/CPP3_BrickGame_v2.0.ID_1396153-1/src/brick_game/snake/snake_move_hangling_back.cc
FN:5,34,snake_move_hangling_back(int (&) [][10], point&, point&, std::__cxx11::list<point, std::allocator<point> >&, int const&)
FNDA:12,snake_move_hangling_back(int (&) [][10], point&, point&, std::__cxx11::list<point, std::allocator<point> >&, int const&)
FNF:1
FNH:1
DA:5,12
DA:8,12
DA:10,12
DA:11,12
DA:12,2
DA:13,10
DA:14,2
DA:15,8
DA:16,2
DA:17,6
DA:18,6
DA:19,12
DA:20,12
DA:21,12
DA:22,0
DA:24,12
DA:25,12
DA:26,12
DA:27,12
DA:29,12
DA:30,12
DA:31,12
DA:33,12
LF:23
LH:22
end_of_record
